2018-05-29 09:12:30,735 : DEBUG : Starting...
2018-05-29 09:12:30,735 : INFO : iteration: 100
2018-05-29 09:12:30,735 : INFO : iteration: 99
2018-05-29 09:12:30,739 : INFO : iteration: 98
2018-05-29 09:12:30,739 : INFO : iteration: 97
2018-05-29 09:12:30,739 : INFO : iteration: 96
2018-05-29 09:12:30,739 : INFO : iteration: 95
2018-05-29 09:12:30,739 : INFO : iteration: 94
2018-05-29 09:12:30,739 : INFO : iteration: 93
2018-05-29 09:12:30,739 : INFO : iteration: 92
2018-05-29 09:12:30,739 : INFO : iteration: 91
2018-05-29 09:12:30,743 : INFO : iteration: 90
2018-05-29 09:12:30,743 : INFO : iteration: 89
2018-05-29 09:12:30,743 : INFO : iteration: 88
2018-05-29 09:12:30,743 : INFO : iteration: 87
2018-05-29 09:12:30,743 : INFO : iteration: 86
2018-05-29 09:12:30,751 : INFO : iteration: 85
2018-05-29 09:12:30,751 : INFO : iteration: 84
2018-05-29 09:12:30,751 : INFO : iteration: 83
2018-05-29 09:12:30,751 : INFO : iteration: 82
2018-05-29 09:12:30,751 : INFO : iteration: 81
2018-05-29 09:12:30,751 : INFO : iteration: 80
2018-05-29 09:12:30,755 : INFO : iteration: 79
2018-05-29 09:12:30,755 : INFO : iteration: 78
2018-05-29 09:12:30,755 : INFO : iteration: 77
2018-05-29 09:12:30,755 : INFO : iteration: 76
2018-05-29 09:12:30,755 : INFO : iteration: 75
2018-05-29 09:12:30,755 : INFO : iteration: 74
2018-05-29 09:12:30,755 : INFO : iteration: 73
2018-05-29 09:12:30,755 : INFO : iteration: 72
2018-05-29 09:12:30,759 : INFO : iteration: 71
2018-05-29 09:12:30,759 : INFO : iteration: 70
2018-05-29 09:12:30,759 : INFO : iteration: 69
2018-05-29 09:12:30,759 : INFO : iteration: 68
2018-05-29 09:12:30,763 : INFO : iteration: 67
2018-05-29 09:12:30,763 : INFO : iteration: 66
2018-05-29 09:12:30,763 : INFO : iteration: 65
2018-05-29 09:12:30,767 : INFO : iteration: 64
2018-05-29 09:12:30,767 : INFO : iteration: 63
2018-05-29 09:12:30,767 : INFO : iteration: 62
2018-05-29 09:12:30,767 : INFO : iteration: 61
2018-05-29 09:12:30,771 : INFO : iteration: 60
2018-05-29 09:12:30,771 : INFO : iteration: 59
2018-05-29 09:12:30,771 : INFO : iteration: 58
2018-05-29 09:12:30,771 : INFO : iteration: 57
2018-05-29 09:12:30,775 : INFO : iteration: 56
2018-05-29 09:12:30,775 : INFO : iteration: 55
2018-05-29 09:12:30,775 : INFO : iteration: 54
2018-05-29 09:12:30,775 : INFO : iteration: 53
2018-05-29 09:12:30,779 : INFO : iteration: 52
2018-05-29 09:12:30,779 : INFO : iteration: 51
2018-05-29 09:12:30,779 : INFO : iteration: 50
2018-05-29 09:12:30,783 : WARNING : half the way
2018-05-29 09:12:30,783 : INFO : iteration: 49
2018-05-29 09:12:30,783 : INFO : iteration: 48
2018-05-29 09:12:30,783 : INFO : iteration: 47
2018-05-29 09:12:30,787 : INFO : iteration: 46
2018-05-29 09:12:30,787 : INFO : iteration: 45
2018-05-29 09:12:30,791 : INFO : iteration: 44
2018-05-29 09:12:30,791 : INFO : iteration: 43
2018-05-29 09:12:30,791 : INFO : iteration: 42
2018-05-29 09:12:30,791 : INFO : iteration: 41
2018-05-29 09:12:30,791 : INFO : iteration: 40
2018-05-29 09:12:30,791 : INFO : iteration: 39
2018-05-29 09:12:30,795 : INFO : iteration: 38
2018-05-29 09:12:30,795 : INFO : iteration: 37
2018-05-29 09:12:30,795 : INFO : iteration: 36
2018-05-29 09:12:30,795 : INFO : iteration: 35
2018-05-29 09:12:30,795 : INFO : iteration: 34
2018-05-29 09:12:30,795 : INFO : iteration: 33
2018-05-29 09:12:30,799 : INFO : iteration: 32
2018-05-29 09:12:30,799 : INFO : iteration: 31
2018-05-29 09:12:30,799 : INFO : iteration: 30
2018-05-29 09:12:30,799 : INFO : iteration: 29
2018-05-29 09:12:30,799 : INFO : iteration: 28
2018-05-29 09:12:30,799 : INFO : iteration: 27
2018-05-29 09:12:30,803 : INFO : iteration: 26
2018-05-29 09:12:30,803 : INFO : iteration: 25
2018-05-29 09:12:30,803 : CRITICAL : A critical message at 25
2018-05-29 09:12:30,803 : INFO : iteration: 24
2018-05-29 09:12:30,803 : INFO : iteration: 23
2018-05-29 09:12:30,807 : INFO : iteration: 22
2018-05-29 09:12:30,807 : INFO : iteration: 21
2018-05-29 09:12:30,807 : INFO : iteration: 20
2018-05-29 09:12:30,807 : INFO : iteration: 19
2018-05-29 09:12:30,807 : INFO : iteration: 18
2018-05-29 09:12:30,807 : INFO : iteration: 17
2018-05-29 09:12:30,811 : INFO : iteration: 16
2018-05-29 09:12:30,811 : INFO : iteration: 15
2018-05-29 09:12:30,811 : INFO : iteration: 14
2018-05-29 09:12:30,811 : INFO : iteration: 13
2018-05-29 09:12:30,811 : INFO : iteration: 12
2018-05-29 09:12:30,811 : INFO : iteration: 11
2018-05-29 09:12:30,815 : INFO : iteration: 10
2018-05-29 09:12:30,815 : ERROR : An error message at 10
2018-05-29 09:12:30,815 : INFO : iteration: 9
2018-05-29 09:12:30,815 : INFO : iteration: 8
2018-05-29 09:12:30,815 : INFO : iteration: 7
2018-05-29 09:12:30,815 : INFO : iteration: 6
2018-05-29 09:12:30,819 : INFO : iteration: 5
2018-05-29 09:12:30,819 : INFO : iteration: 4
2018-05-29 09:12:30,819 : INFO : iteration: 3
2018-05-29 09:12:30,819 : INFO : iteration: 2
2018-05-29 09:12:30,819 : INFO : iteration: 1
2018-05-29 09:12:30,819 : INFO : iteration: 0
2018-05-29 09:12:30,819 : DEBUG : Done...
